<?xml version="1.0" encoding="UTF-8"?>
<coverage generated="1702832230802" clover="3.2.0">
  <project timestamp="1702832230802" name="All files">
    <metrics statements="43" coveredstatements="17" conditionals="6" coveredconditionals="0" methods="17" coveredmethods="8" elements="66" coveredelements="25" complexity="0" loc="43" ncloc="43" packages="10" files="28" classes="28"/>
    <package name="src">
      <metrics statements="12" coveredstatements="2" conditionals="4" coveredconditionals="0" methods="2" coveredmethods="1"/>
      <file name="App.tsx" path="/Users/fernando/Desktop/bruno/repos/tesis/front_rw/microservices-testing-frontend/web/src/App.tsx">
        <metrics statements="3" coveredstatements="0" conditionals="0" coveredconditionals="0" methods="1" coveredmethods="0"/>
        <line num="10" count="0" type="stmt"/>
        <line num="12" count="0" type="stmt"/>
        <line num="13" count="0" type="stmt"/>
      </file>
      <file name="Routes.tsx" path="/Users/fernando/Desktop/bruno/repos/tesis/front_rw/microservices-testing-frontend/web/src/Routes.tsx">
        <metrics statements="2" coveredstatements="2" conditionals="0" coveredconditionals="0" methods="1" coveredmethods="1"/>
        <line num="19" count="6" type="stmt"/>
        <line num="20" count="6" type="stmt"/>
      </file>
      <file name="entry.client.tsx" path="/Users/fernando/Desktop/bruno/repos/tesis/front_rw/microservices-testing-frontend/web/src/entry.client.tsx">
        <metrics statements="7" coveredstatements="0" conditionals="4" coveredconditionals="0" methods="0" coveredmethods="0"/>
        <line num="10" count="0" type="stmt"/>
        <line num="12" count="0" type="cond" truecount="0" falsecount="2"/>
        <line num="13" count="0" type="stmt"/>
        <line num="18" count="0" type="cond" truecount="0" falsecount="2"/>
        <line num="19" count="0" type="stmt"/>
        <line num="21" count="0" type="stmt"/>
        <line num="22" count="0" type="stmt"/>
      </file>
    </package>
    <package name="src.features.navbar">
      <metrics statements="5" coveredstatements="4" conditionals="0" coveredconditionals="0" methods="2" coveredmethods="2"/>
      <file name="index.ts" path="/Users/fernando/Desktop/bruno/repos/tesis/front_rw/microservices-testing-frontend/web/src/features/navbar/index.ts">
        <metrics statements="0" coveredstatements="0" conditionals="0" coveredconditionals="0" methods="0" coveredmethods="0"/>
      </file>
      <file name="nav-button.tsx" path="/Users/fernando/Desktop/bruno/repos/tesis/front_rw/microservices-testing-frontend/web/src/features/navbar/nav-button.tsx">
        <metrics statements="2" coveredstatements="2" conditionals="0" coveredconditionals="0" methods="1" coveredmethods="1"/>
        <line num="12" count="1" type="stmt"/>
        <line num="17" count="5" type="stmt"/>
      </file>
      <file name="navbar.stories.tsx" path="/Users/fernando/Desktop/bruno/repos/tesis/front_rw/microservices-testing-frontend/web/src/features/navbar/navbar.stories.tsx">
        <metrics statements="1" coveredstatements="0" conditionals="0" coveredconditionals="0" methods="0" coveredmethods="0"/>
        <line num="13" count="0" type="stmt"/>
      </file>
      <file name="navbar.tsx" path="/Users/fernando/Desktop/bruno/repos/tesis/front_rw/microservices-testing-frontend/web/src/features/navbar/navbar.tsx">
        <metrics statements="2" coveredstatements="2" conditionals="0" coveredconditionals="0" methods="1" coveredmethods="1"/>
        <line num="5" count="1" type="stmt"/>
        <line num="6" count="1" type="stmt"/>
      </file>
    </package>
    <package name="src.layouts">
      <metrics statements="2" coveredstatements="0" conditionals="0" coveredconditionals="0" methods="1" coveredmethods="0"/>
      <file name="index.ts" path="/Users/fernando/Desktop/bruno/repos/tesis/front_rw/microservices-testing-frontend/web/src/layouts/index.ts">
        <metrics statements="0" coveredstatements="0" conditionals="0" coveredconditionals="0" methods="0" coveredmethods="0"/>
      </file>
      <file name="layout.tsx" path="/Users/fernando/Desktop/bruno/repos/tesis/front_rw/microservices-testing-frontend/web/src/layouts/layout.tsx">
        <metrics statements="2" coveredstatements="0" conditionals="0" coveredconditionals="0" methods="1" coveredmethods="0"/>
        <line num="8" count="0" type="stmt"/>
        <line num="9" count="0" type="stmt"/>
      </file>
    </package>
    <package name="src.pages.fatal-error">
      <metrics statements="2" coveredstatements="0" conditionals="2" coveredconditionals="0" methods="1" coveredmethods="0"/>
      <file name="fatal-error.tsx" path="/Users/fernando/Desktop/bruno/repos/tesis/front_rw/microservices-testing-frontend/web/src/pages/fatal-error/fatal-error.tsx">
        <metrics statements="2" coveredstatements="0" conditionals="2" coveredconditionals="0" methods="1" coveredmethods="0"/>
        <line num="14" count="0" type="cond" truecount="0" falsecount="2"/>
        <line num="16" count="0" type="stmt"/>
      </file>
      <file name="index.ts" path="/Users/fernando/Desktop/bruno/repos/tesis/front_rw/microservices-testing-frontend/web/src/pages/fatal-error/index.ts">
        <metrics statements="0" coveredstatements="0" conditionals="0" coveredconditionals="0" methods="0" coveredmethods="0"/>
      </file>
    </package>
    <package name="src.pages.home">
      <metrics statements="4" coveredstatements="2" conditionals="0" coveredconditionals="0" methods="2" coveredmethods="1"/>
      <file name="home.stories.tsx" path="/Users/fernando/Desktop/bruno/repos/tesis/front_rw/microservices-testing-frontend/web/src/pages/home/home.stories.tsx">
        <metrics statements="2" coveredstatements="0" conditionals="0" coveredconditionals="0" methods="1" coveredmethods="0"/>
        <line num="10" count="0" type="stmt"/>
        <line num="11" count="0" type="stmt"/>
      </file>
      <file name="home.tsx" path="/Users/fernando/Desktop/bruno/repos/tesis/front_rw/microservices-testing-frontend/web/src/pages/home/home.tsx">
        <metrics statements="2" coveredstatements="2" conditionals="0" coveredconditionals="0" methods="1" coveredmethods="1"/>
        <line num="5" count="6" type="stmt"/>
        <line num="6" count="1" type="stmt"/>
      </file>
      <file name="index.ts" path="/Users/fernando/Desktop/bruno/repos/tesis/front_rw/microservices-testing-frontend/web/src/pages/home/index.ts">
        <metrics statements="0" coveredstatements="0" conditionals="0" coveredconditionals="0" methods="0" coveredmethods="0"/>
      </file>
    </package>
    <package name="src.pages.implementations">
      <metrics statements="4" coveredstatements="2" conditionals="0" coveredconditionals="0" methods="2" coveredmethods="1"/>
      <file name="implementations.stories.tsx" path="/Users/fernando/Desktop/bruno/repos/tesis/front_rw/microservices-testing-frontend/web/src/pages/implementations/implementations.stories.tsx">
        <metrics statements="2" coveredstatements="0" conditionals="0" coveredconditionals="0" methods="1" coveredmethods="0"/>
        <line num="10" count="0" type="stmt"/>
        <line num="11" count="0" type="stmt"/>
      </file>
      <file name="implementations.tsx" path="/Users/fernando/Desktop/bruno/repos/tesis/front_rw/microservices-testing-frontend/web/src/pages/implementations/implementations.tsx">
        <metrics statements="2" coveredstatements="2" conditionals="0" coveredconditionals="0" methods="1" coveredmethods="1"/>
        <line num="5" count="6" type="stmt"/>
        <line num="6" count="1" type="stmt"/>
      </file>
      <file name="index.ts" path="/Users/fernando/Desktop/bruno/repos/tesis/front_rw/microservices-testing-frontend/web/src/pages/implementations/index.ts">
        <metrics statements="0" coveredstatements="0" conditionals="0" coveredconditionals="0" methods="0" coveredmethods="0"/>
      </file>
    </package>
    <package name="src.pages.not-found">
      <metrics statements="2" coveredstatements="1" conditionals="0" coveredconditionals="0" methods="1" coveredmethods="0"/>
      <file name="index.ts" path="/Users/fernando/Desktop/bruno/repos/tesis/front_rw/microservices-testing-frontend/web/src/pages/not-found/index.ts">
        <metrics statements="0" coveredstatements="0" conditionals="0" coveredconditionals="0" methods="0" coveredmethods="0"/>
      </file>
      <file name="not-found.tsx" path="/Users/fernando/Desktop/bruno/repos/tesis/front_rw/microservices-testing-frontend/web/src/pages/not-found/not-found.tsx">
        <metrics statements="2" coveredstatements="1" conditionals="0" coveredconditionals="0" methods="1" coveredmethods="0"/>
        <line num="1" count="6" type="stmt"/>
        <line num="2" count="0" type="stmt"/>
      </file>
    </package>
    <package name="src.pages.patterns">
      <metrics statements="4" coveredstatements="2" conditionals="0" coveredconditionals="0" methods="2" coveredmethods="1"/>
      <file name="index.ts" path="/Users/fernando/Desktop/bruno/repos/tesis/front_rw/microservices-testing-frontend/web/src/pages/patterns/index.ts">
        <metrics statements="0" coveredstatements="0" conditionals="0" coveredconditionals="0" methods="0" coveredmethods="0"/>
      </file>
      <file name="patterns.stories.tsx" path="/Users/fernando/Desktop/bruno/repos/tesis/front_rw/microservices-testing-frontend/web/src/pages/patterns/patterns.stories.tsx">
        <metrics statements="2" coveredstatements="0" conditionals="0" coveredconditionals="0" methods="1" coveredmethods="0"/>
        <line num="10" count="0" type="stmt"/>
        <line num="11" count="0" type="stmt"/>
      </file>
      <file name="patterns.tsx" path="/Users/fernando/Desktop/bruno/repos/tesis/front_rw/microservices-testing-frontend/web/src/pages/patterns/patterns.tsx">
        <metrics statements="2" coveredstatements="2" conditionals="0" coveredconditionals="0" methods="1" coveredmethods="1"/>
        <line num="5" count="6" type="stmt"/>
        <line num="6" count="1" type="stmt"/>
      </file>
    </package>
    <package name="src.pages.reports">
      <metrics statements="4" coveredstatements="2" conditionals="0" coveredconditionals="0" methods="2" coveredmethods="1"/>
      <file name="index.ts" path="/Users/fernando/Desktop/bruno/repos/tesis/front_rw/microservices-testing-frontend/web/src/pages/reports/index.ts">
        <metrics statements="0" coveredstatements="0" conditionals="0" coveredconditionals="0" methods="0" coveredmethods="0"/>
      </file>
      <file name="reports.stories.tsx" path="/Users/fernando/Desktop/bruno/repos/tesis/front_rw/microservices-testing-frontend/web/src/pages/reports/reports.stories.tsx">
        <metrics statements="2" coveredstatements="0" conditionals="0" coveredconditionals="0" methods="1" coveredmethods="0"/>
        <line num="10" count="0" type="stmt"/>
        <line num="11" count="0" type="stmt"/>
      </file>
      <file name="reports.tsx" path="/Users/fernando/Desktop/bruno/repos/tesis/front_rw/microservices-testing-frontend/web/src/pages/reports/reports.tsx">
        <metrics statements="2" coveredstatements="2" conditionals="0" coveredconditionals="0" methods="1" coveredmethods="1"/>
        <line num="5" count="6" type="stmt"/>
        <line num="6" count="1" type="stmt"/>
      </file>
    </package>
    <package name="src.pages.tests">
      <metrics statements="4" coveredstatements="2" conditionals="0" coveredconditionals="0" methods="2" coveredmethods="1"/>
      <file name="index.ts" path="/Users/fernando/Desktop/bruno/repos/tesis/front_rw/microservices-testing-frontend/web/src/pages/tests/index.ts">
        <metrics statements="0" coveredstatements="0" conditionals="0" coveredconditionals="0" methods="0" coveredmethods="0"/>
      </file>
      <file name="tests.stories.tsx" path="/Users/fernando/Desktop/bruno/repos/tesis/front_rw/microservices-testing-frontend/web/src/pages/tests/tests.stories.tsx">
        <metrics statements="2" coveredstatements="0" conditionals="0" coveredconditionals="0" methods="1" coveredmethods="0"/>
        <line num="10" count="0" type="stmt"/>
        <line num="11" count="0" type="stmt"/>
      </file>
      <file name="tests.tsx" path="/Users/fernando/Desktop/bruno/repos/tesis/front_rw/microservices-testing-frontend/web/src/pages/tests/tests.tsx">
        <metrics statements="2" coveredstatements="2" conditionals="0" coveredconditionals="0" methods="1" coveredmethods="1"/>
        <line num="5" count="6" type="stmt"/>
        <line num="6" count="1" type="stmt"/>
      </file>
    </package>
  </project>
</coverage>
