{"/Users/fernando/Desktop/bruno/repos/tesis/front_rw/microservices-testing-frontend/web/src/App.tsx": {"path":"/Users/fernando/Desktop/bruno/repos/tesis/front_rw/microservices-testing-frontend/web/src/App.tsx","statementMap":{"0":{"start":{"line":10,"column":22},"end":{"line":10,"column":40}},"1":{"start":{"line":12,"column":12},"end":{"line":23,"column":1}},"2":{"start":{"line":13,"column":2},"end":{"line":22,"column":23}}},"fnMap":{"0":{"name":"(anonymous_0)","decl":{"start":{"line":12,"column":12},"end":{"line":12,"column":13}},"loc":{"start":{"line":13,"column":2},"end":{"line":22,"column":23}},"line":13}},"branchMap":{},"s":{"0":0,"1":0,"2":0},"f":{"0":0},"b":{}}
,"/Users/fernando/Desktop/bruno/repos/tesis/front_rw/microservices-testing-frontend/web/src/Routes.tsx": {"path":"/Users/fernando/Desktop/bruno/repos/tesis/front_rw/microservices-testing-frontend/web/src/Routes.tsx","statementMap":{"0":{"start":{"line":19,"column":15},"end":{"line":30,"column":1}},"1":{"start":{"line":20,"column":2},"end":{"line":29,"column":3}}},"fnMap":{"0":{"name":"(anonymous_0)","decl":{"start":{"line":19,"column":15},"end":{"line":19,"column":16}},"loc":{"start":{"line":19,"column":21},"end":{"line":30,"column":1}},"line":19}},"branchMap":{},"s":{"0":6,"1":6},"f":{"0":6},"b":{},"_coverageSchema":"1a1c01bbd47fc00a2c39e90264f33305004495a9","hash":"d4eb4b48cf182c923e651231a8f1b7bdbbd53521"}
,"/Users/fernando/Desktop/bruno/repos/tesis/front_rw/microservices-testing-frontend/web/src/entry.client.tsx": {"path":"/Users/fernando/Desktop/bruno/repos/tesis/front_rw/microservices-testing-frontend/web/src/entry.client.tsx","statementMap":{"0":{"start":{"line":10,"column":26},"end":{"line":10,"column":64}},"1":{"start":{"line":12,"column":0},"end":{"line":16,"column":1}},"2":{"start":{"line":13,"column":2},"end":{"line":15,"column":3}},"3":{"start":{"line":18,"column":0},"end":{"line":23,"column":1}},"4":{"start":{"line":19,"column":2},"end":{"line":19,"column":41}},"5":{"start":{"line":21,"column":15},"end":{"line":21,"column":44}},"6":{"start":{"line":22,"column":2},"end":{"line":22,"column":22}}},"fnMap":{},"branchMap":{"0":{"loc":{"start":{"line":12,"column":0},"end":{"line":16,"column":1}},"type":"if","locations":[{"start":{"line":12,"column":0},"end":{"line":16,"column":1}},{"start":{},"end":{}}],"line":12},"1":{"loc":{"start":{"line":18,"column":0},"end":{"line":23,"column":1}},"type":"if","locations":[{"start":{"line":18,"column":0},"end":{"line":23,"column":1}},{"start":{"line":20,"column":7},"end":{"line":23,"column":1}}],"line":18}},"s":{"0":0,"1":0,"2":0,"3":0,"4":0,"5":0,"6":0},"f":{},"b":{"0":[0,0],"1":[0,0]}}
,"/Users/fernando/Desktop/bruno/repos/tesis/front_rw/microservices-testing-frontend/web/src/features/navbar/index.ts": {"path":"/Users/fernando/Desktop/bruno/repos/tesis/front_rw/microservices-testing-frontend/web/src/features/navbar/index.ts","statementMap":{},"fnMap":{},"branchMap":{},"s":{},"f":{},"b":{},"_coverageSchema":"1a1c01bbd47fc00a2c39e90264f33305004495a9","hash":"08e5056722dabbfd56eee79d91d9afecf006bc5f"}
,"/Users/fernando/Desktop/bruno/repos/tesis/front_rw/microservices-testing-frontend/web/src/features/navbar/nav-button.tsx": {"path":"/Users/fernando/Desktop/bruno/repos/tesis/front_rw/microservices-testing-frontend/web/src/features/navbar/nav-button.tsx","statementMap":{"0":{"start":{"line":12,"column":51},"end":{"line":24,"column":1}},"1":{"start":{"line":17,"column":2},"end":{"line":23,"column":3}}},"fnMap":{"0":{"name":"(anonymous_0)","decl":{"start":{"line":12,"column":51},"end":{"line":12,"column":52}},"loc":{"start":{"line":16,"column":6},"end":{"line":24,"column":1}},"line":16}},"branchMap":{},"s":{"0":1,"1":5},"f":{"0":5},"b":{},"_coverageSchema":"1a1c01bbd47fc00a2c39e90264f33305004495a9","hash":"4ccfbbc60e4770500e61e854ee321a2792668645"}
,"/Users/fernando/Desktop/bruno/repos/tesis/front_rw/microservices-testing-frontend/web/src/features/navbar/navbar.stories.tsx": {"path":"/Users/fernando/Desktop/bruno/repos/tesis/front_rw/microservices-testing-frontend/web/src/features/navbar/navbar.stories.tsx","statementMap":{"0":{"start":{"line":13,"column":30},"end":{"line":13,"column":32}}},"fnMap":{},"branchMap":{},"s":{"0":0},"f":{},"b":{}}
,"/Users/fernando/Desktop/bruno/repos/tesis/front_rw/microservices-testing-frontend/web/src/features/navbar/navbar.tsx": {"path":"/Users/fernando/Desktop/bruno/repos/tesis/front_rw/microservices-testing-frontend/web/src/features/navbar/navbar.tsx","statementMap":{"0":{"start":{"line":5,"column":32},"end":{"line":37,"column":1}},"1":{"start":{"line":6,"column":2},"end":{"line":36,"column":3}}},"fnMap":{"0":{"name":"(anonymous_0)","decl":{"start":{"line":5,"column":32},"end":{"line":5,"column":33}},"loc":{"start":{"line":5,"column":38},"end":{"line":37,"column":1}},"line":5}},"branchMap":{},"s":{"0":1,"1":1},"f":{"0":1},"b":{},"_coverageSchema":"1a1c01bbd47fc00a2c39e90264f33305004495a9","hash":"3cc0a05a950d8b448e98fd52972f6f58fa7447ff"}
,"/Users/fernando/Desktop/bruno/repos/tesis/front_rw/microservices-testing-frontend/web/src/layouts/index.ts": {"path":"/Users/fernando/Desktop/bruno/repos/tesis/front_rw/microservices-testing-frontend/web/src/layouts/index.ts","statementMap":{},"fnMap":{},"branchMap":{},"s":{},"f":{},"b":{}}
,"/Users/fernando/Desktop/bruno/repos/tesis/front_rw/microservices-testing-frontend/web/src/layouts/layout.tsx": {"path":"/Users/fernando/Desktop/bruno/repos/tesis/front_rw/microservices-testing-frontend/web/src/layouts/layout.tsx","statementMap":{"0":{"start":{"line":8,"column":22},"end":{"line":21,"column":1}},"1":{"start":{"line":9,"column":2},"end":{"line":20,"column":3}}},"fnMap":{"0":{"name":"(anonymous_0)","decl":{"start":{"line":8,"column":22},"end":{"line":8,"column":23}},"loc":{"start":{"line":8,"column":28},"end":{"line":21,"column":1}},"line":8}},"branchMap":{},"s":{"0":0,"1":0},"f":{"0":0},"b":{}}
,"/Users/fernando/Desktop/bruno/repos/tesis/front_rw/microservices-testing-frontend/web/src/pages/fatal-error/fatal-error.tsx": {"path":"/Users/fernando/Desktop/bruno/repos/tesis/front_rw/microservices-testing-frontend/web/src/pages/fatal-error/fatal-error.tsx","statementMap":{"0":{"start":{"line":14,"column":2},"end":{"line":58,"column":4}},"1":{"start":{"line":16,"column":4},"end":{"line":57,"column":11}}},"fnMap":{"0":{"name":"(anonymous_0)","decl":{"start":{"line":15,"column":3},"end":{"line":15,"column":4}},"loc":{"start":{"line":16,"column":4},"end":{"line":57,"column":11}},"line":16}},"branchMap":{"0":{"loc":{"start":{"line":14,"column":2},"end":{"line":58,"column":4}},"type":"binary-expr","locations":[{"start":{"line":14,"column":2},"end":{"line":14,"column":19}},{"start":{"line":15,"column":3},"end":{"line":58,"column":3}}],"line":14}},"s":{"0":0,"1":0},"f":{"0":0},"b":{"0":[0,0]}}
,"/Users/fernando/Desktop/bruno/repos/tesis/front_rw/microservices-testing-frontend/web/src/pages/fatal-error/index.ts": {"path":"/Users/fernando/Desktop/bruno/repos/tesis/front_rw/microservices-testing-frontend/web/src/pages/fatal-error/index.ts","statementMap":{},"fnMap":{},"branchMap":{},"s":{},"f":{},"b":{}}
,"/Users/fernando/Desktop/bruno/repos/tesis/front_rw/microservices-testing-frontend/web/src/pages/home/home.stories.tsx": {"path":"/Users/fernando/Desktop/bruno/repos/tesis/front_rw/microservices-testing-frontend/web/src/pages/home/home.stories.tsx","statementMap":{"0":{"start":{"line":10,"column":46},"end":{"line":12,"column":1}},"1":{"start":{"line":11,"column":16},"end":{"line":11,"column":24}}},"fnMap":{"0":{"name":"(anonymous_0)","decl":{"start":{"line":11,"column":10},"end":{"line":11,"column":11}},"loc":{"start":{"line":11,"column":16},"end":{"line":11,"column":24}},"line":11}},"branchMap":{},"s":{"0":0,"1":0},"f":{"0":0},"b":{}}
,"/Users/fernando/Desktop/bruno/repos/tesis/front_rw/microservices-testing-frontend/web/src/pages/home/home.tsx": {"path":"/Users/fernando/Desktop/bruno/repos/tesis/front_rw/microservices-testing-frontend/web/src/pages/home/home.tsx","statementMap":{"0":{"start":{"line":5,"column":20},"end":{"line":16,"column":1}},"1":{"start":{"line":6,"column":2},"end":{"line":15,"column":3}}},"fnMap":{"0":{"name":"(anonymous_0)","decl":{"start":{"line":5,"column":20},"end":{"line":5,"column":21}},"loc":{"start":{"line":5,"column":26},"end":{"line":16,"column":1}},"line":5}},"branchMap":{},"s":{"0":6,"1":1},"f":{"0":1},"b":{},"_coverageSchema":"1a1c01bbd47fc00a2c39e90264f33305004495a9","hash":"447997fadae0f8aea0991fc11e2989c346ab3ebc"}
,"/Users/fernando/Desktop/bruno/repos/tesis/front_rw/microservices-testing-frontend/web/src/pages/home/index.ts": {"path":"/Users/fernando/Desktop/bruno/repos/tesis/front_rw/microservices-testing-frontend/web/src/pages/home/index.ts","statementMap":{},"fnMap":{},"branchMap":{},"s":{},"f":{},"b":{},"_coverageSchema":"1a1c01bbd47fc00a2c39e90264f33305004495a9","hash":"f8a06694e272794cfa46a5e1f3a81875651c228c"}
,"/Users/fernando/Desktop/bruno/repos/tesis/front_rw/microservices-testing-frontend/web/src/pages/implementations/implementations.stories.tsx": {"path":"/Users/fernando/Desktop/bruno/repos/tesis/front_rw/microservices-testing-frontend/web/src/pages/implementations/implementations.stories.tsx","statementMap":{"0":{"start":{"line":10,"column":57},"end":{"line":12,"column":1}},"1":{"start":{"line":11,"column":16},"end":{"line":11,"column":35}}},"fnMap":{"0":{"name":"(anonymous_0)","decl":{"start":{"line":11,"column":10},"end":{"line":11,"column":11}},"loc":{"start":{"line":11,"column":16},"end":{"line":11,"column":35}},"line":11}},"branchMap":{},"s":{"0":0,"1":0},"f":{"0":0},"b":{}}
,"/Users/fernando/Desktop/bruno/repos/tesis/front_rw/microservices-testing-frontend/web/src/pages/implementations/implementations.tsx": {"path":"/Users/fernando/Desktop/bruno/repos/tesis/front_rw/microservices-testing-frontend/web/src/pages/implementations/implementations.tsx","statementMap":{"0":{"start":{"line":5,"column":31},"end":{"line":16,"column":1}},"1":{"start":{"line":6,"column":2},"end":{"line":15,"column":3}}},"fnMap":{"0":{"name":"(anonymous_0)","decl":{"start":{"line":5,"column":31},"end":{"line":5,"column":32}},"loc":{"start":{"line":5,"column":37},"end":{"line":16,"column":1}},"line":5}},"branchMap":{},"s":{"0":6,"1":1},"f":{"0":1},"b":{},"_coverageSchema":"1a1c01bbd47fc00a2c39e90264f33305004495a9","hash":"54799af3fe63ab88a73f98db5b48280458db49fa"}
,"/Users/fernando/Desktop/bruno/repos/tesis/front_rw/microservices-testing-frontend/web/src/pages/implementations/index.ts": {"path":"/Users/fernando/Desktop/bruno/repos/tesis/front_rw/microservices-testing-frontend/web/src/pages/implementations/index.ts","statementMap":{},"fnMap":{},"branchMap":{},"s":{},"f":{},"b":{},"_coverageSchema":"1a1c01bbd47fc00a2c39e90264f33305004495a9","hash":"1268ddecfbf9d2b7b28e31d11eed91a1382ab012"}
,"/Users/fernando/Desktop/bruno/repos/tesis/front_rw/microservices-testing-frontend/web/src/pages/not-found/index.ts": {"path":"/Users/fernando/Desktop/bruno/repos/tesis/front_rw/microservices-testing-frontend/web/src/pages/not-found/index.ts","statementMap":{},"fnMap":{},"branchMap":{},"s":{},"f":{},"b":{},"_coverageSchema":"1a1c01bbd47fc00a2c39e90264f33305004495a9","hash":"ac80aa4a3bd8455c0b1bbb1300013e6875dce871"}
,"/Users/fernando/Desktop/bruno/repos/tesis/front_rw/microservices-testing-frontend/web/src/pages/not-found/not-found.tsx": {"path":"/Users/fernando/Desktop/bruno/repos/tesis/front_rw/microservices-testing-frontend/web/src/pages/not-found/not-found.tsx","statementMap":{"0":{"start":{"line":1,"column":24},"end":{"line":44,"column":1}},"1":{"start":{"line":2,"column":2},"end":{"line":43,"column":9}}},"fnMap":{"0":{"name":"(anonymous_0)","decl":{"start":{"line":1,"column":24},"end":{"line":1,"column":25}},"loc":{"start":{"line":2,"column":2},"end":{"line":43,"column":9}},"line":2}},"branchMap":{},"s":{"0":6,"1":0},"f":{"0":0},"b":{},"_coverageSchema":"1a1c01bbd47fc00a2c39e90264f33305004495a9","hash":"e4c5977f6bfcb4ca9aa998c78ca5196433485161"}
,"/Users/fernando/Desktop/bruno/repos/tesis/front_rw/microservices-testing-frontend/web/src/pages/patterns/index.ts": {"path":"/Users/fernando/Desktop/bruno/repos/tesis/front_rw/microservices-testing-frontend/web/src/pages/patterns/index.ts","statementMap":{},"fnMap":{},"branchMap":{},"s":{},"f":{},"b":{},"_coverageSchema":"1a1c01bbd47fc00a2c39e90264f33305004495a9","hash":"6c5c7d0025b804b1ddbe635eaa8b2b89ce8d1f51"}
,"/Users/fernando/Desktop/bruno/repos/tesis/front_rw/microservices-testing-frontend/web/src/pages/patterns/patterns.stories.tsx": {"path":"/Users/fernando/Desktop/bruno/repos/tesis/front_rw/microservices-testing-frontend/web/src/pages/patterns/patterns.stories.tsx","statementMap":{"0":{"start":{"line":10,"column":50},"end":{"line":12,"column":1}},"1":{"start":{"line":11,"column":16},"end":{"line":11,"column":28}}},"fnMap":{"0":{"name":"(anonymous_0)","decl":{"start":{"line":11,"column":10},"end":{"line":11,"column":11}},"loc":{"start":{"line":11,"column":16},"end":{"line":11,"column":28}},"line":11}},"branchMap":{},"s":{"0":0,"1":0},"f":{"0":0},"b":{}}
,"/Users/fernando/Desktop/bruno/repos/tesis/front_rw/microservices-testing-frontend/web/src/pages/patterns/patterns.tsx": {"path":"/Users/fernando/Desktop/bruno/repos/tesis/front_rw/microservices-testing-frontend/web/src/pages/patterns/patterns.tsx","statementMap":{"0":{"start":{"line":5,"column":24},"end":{"line":16,"column":1}},"1":{"start":{"line":6,"column":2},"end":{"line":15,"column":3}}},"fnMap":{"0":{"name":"(anonymous_0)","decl":{"start":{"line":5,"column":24},"end":{"line":5,"column":25}},"loc":{"start":{"line":5,"column":30},"end":{"line":16,"column":1}},"line":5}},"branchMap":{},"s":{"0":6,"1":1},"f":{"0":1},"b":{},"_coverageSchema":"1a1c01bbd47fc00a2c39e90264f33305004495a9","hash":"150aec81f3d9e35a591df089e47b18c4a81cbd7b"}
,"/Users/fernando/Desktop/bruno/repos/tesis/front_rw/microservices-testing-frontend/web/src/pages/reports/index.ts": {"path":"/Users/fernando/Desktop/bruno/repos/tesis/front_rw/microservices-testing-frontend/web/src/pages/reports/index.ts","statementMap":{},"fnMap":{},"branchMap":{},"s":{},"f":{},"b":{},"_coverageSchema":"1a1c01bbd47fc00a2c39e90264f33305004495a9","hash":"125230f9ad8b92f70bfecf7bad1679f56584040b"}
,"/Users/fernando/Desktop/bruno/repos/tesis/front_rw/microservices-testing-frontend/web/src/pages/reports/reports.stories.tsx": {"path":"/Users/fernando/Desktop/bruno/repos/tesis/front_rw/microservices-testing-frontend/web/src/pages/reports/reports.stories.tsx","statementMap":{"0":{"start":{"line":10,"column":49},"end":{"line":12,"column":1}},"1":{"start":{"line":11,"column":16},"end":{"line":11,"column":27}}},"fnMap":{"0":{"name":"(anonymous_0)","decl":{"start":{"line":11,"column":10},"end":{"line":11,"column":11}},"loc":{"start":{"line":11,"column":16},"end":{"line":11,"column":27}},"line":11}},"branchMap":{},"s":{"0":0,"1":0},"f":{"0":0},"b":{}}
,"/Users/fernando/Desktop/bruno/repos/tesis/front_rw/microservices-testing-frontend/web/src/pages/reports/reports.tsx": {"path":"/Users/fernando/Desktop/bruno/repos/tesis/front_rw/microservices-testing-frontend/web/src/pages/reports/reports.tsx","statementMap":{"0":{"start":{"line":5,"column":23},"end":{"line":16,"column":1}},"1":{"start":{"line":6,"column":2},"end":{"line":15,"column":3}}},"fnMap":{"0":{"name":"(anonymous_0)","decl":{"start":{"line":5,"column":23},"end":{"line":5,"column":24}},"loc":{"start":{"line":5,"column":29},"end":{"line":16,"column":1}},"line":5}},"branchMap":{},"s":{"0":6,"1":1},"f":{"0":1},"b":{},"_coverageSchema":"1a1c01bbd47fc00a2c39e90264f33305004495a9","hash":"8c4ba2fa0fc79b1a3100b94de95bf6a4deb9de10"}
,"/Users/fernando/Desktop/bruno/repos/tesis/front_rw/microservices-testing-frontend/web/src/pages/tests/index.ts": {"path":"/Users/fernando/Desktop/bruno/repos/tesis/front_rw/microservices-testing-frontend/web/src/pages/tests/index.ts","statementMap":{},"fnMap":{},"branchMap":{},"s":{},"f":{},"b":{},"_coverageSchema":"1a1c01bbd47fc00a2c39e90264f33305004495a9","hash":"7e74e480bcffc422a12099e09589c49b5870e4b9"}
,"/Users/fernando/Desktop/bruno/repos/tesis/front_rw/microservices-testing-frontend/web/src/pages/tests/tests.stories.tsx": {"path":"/Users/fernando/Desktop/bruno/repos/tesis/front_rw/microservices-testing-frontend/web/src/pages/tests/tests.stories.tsx","statementMap":{"0":{"start":{"line":10,"column":47},"end":{"line":12,"column":1}},"1":{"start":{"line":11,"column":16},"end":{"line":11,"column":25}}},"fnMap":{"0":{"name":"(anonymous_0)","decl":{"start":{"line":11,"column":10},"end":{"line":11,"column":11}},"loc":{"start":{"line":11,"column":16},"end":{"line":11,"column":25}},"line":11}},"branchMap":{},"s":{"0":0,"1":0},"f":{"0":0},"b":{}}
,"/Users/fernando/Desktop/bruno/repos/tesis/front_rw/microservices-testing-frontend/web/src/pages/tests/tests.tsx": {"path":"/Users/fernando/Desktop/bruno/repos/tesis/front_rw/microservices-testing-frontend/web/src/pages/tests/tests.tsx","statementMap":{"0":{"start":{"line":5,"column":21},"end":{"line":16,"column":1}},"1":{"start":{"line":6,"column":2},"end":{"line":15,"column":3}}},"fnMap":{"0":{"name":"(anonymous_0)","decl":{"start":{"line":5,"column":21},"end":{"line":5,"column":22}},"loc":{"start":{"line":5,"column":27},"end":{"line":16,"column":1}},"line":5}},"branchMap":{},"s":{"0":6,"1":1},"f":{"0":1},"b":{},"_coverageSchema":"1a1c01bbd47fc00a2c39e90264f33305004495a9","hash":"61d6dc0aadd8ebb36794771e2f2fae8a324fa2b3"}
}
